<?xml version="1.0" encoding="UTF-8" ?>
<testsuite tests="16" failures="0" name="org.example.ProjectTest" time="0.011" errors="0" skipped="0">
  <properties>
[...]
</properties>
  <testcase classname="org.example.ProjectTest" name="cityValidTest" time="0.005"/>
  <testcase classname="org.example.ProjectTest" name="visaCardInvalidTest" time="0"/>
  <testcase classname="org.example.ProjectTest" name="phoneNumberValidTest" time="0"/>
  <testcase classname="org.example.ProjectTest" name="fullNameInvalidTest" time="0"/>
  <testcase classname="org.example.ProjectTest" name="masterCardValidTest" time="0"/>
  <testcase classname="org.example.ProjectTest" name="AmexInvalidTest" time="0.001"/>
  <testcase classname="org.example.ProjectTest" name="addressValidTest" time="0"/>
  <testcase classname="org.example.ProjectTest" name="visaCardValidTest" time="0.001"/>
  <testcase classname="org.example.ProjectTest" name="postalCodeInvalidTest" time="0"/>
  <testcase classname="org.example.ProjectTest" name="addressInvalidTest" time="0.001"/>
  <testcase classname="org.example.ProjectTest" name="fullNameValidTest" time="0"/>
  <testcase classname="org.example.ProjectTest" name="cityInvalidTest" time="0"/>
  <testcase classname="org.example.ProjectTest" name="AmexValidTest" time="0.001"/>
  <testcase classname="org.example.ProjectTest" name="masterCardInvalidTest" time="0"/>
  <testcase classname="org.example.ProjectTest" name="phoneNumberInvalidTest" time="0.001"/>
  <testcase classname="org.example.ProjectTest" name="postalCodeValidTest" time="0.001"/>
</testsuite>